
==================================================
  Project Selector
==================================================
  [1] PSY_MCI_rTMS (last active)
  [N] Create new project

Select project [default: 1=PSY_MCI_rTMS]: 
  Active project: PSY_MCI_rTMS
  Data directory: data/PSY_MCI_rTMS/

📖 Loading: data/PSY_MCI_rTMS/phase3_screening/stage2_fulltext/included_studies.json
📂 Found 286 PDFs in zotero_export

🎯 Targeting 0 studies still missing PDFs (skipping 171 already covered)

❌ No match: A&DTR&CI_2017_Combined mnemonic strategy training and high‐definition transcranial direct current stimulation for memory deficits in mild cognitive impairment.pdf (best=0.00)
❌ No match: A&D_2015_Transcranial direct current stimulation in mild cognitive impairment.pdf (best=0.00)
❌ No match: A&D_2018_O3‐05‐01.pdf (best=0.00)
❌ No match: A&D_2018_O3‐05‐04.pdf (best=0.00)
❌ No match: A&D_2018_P2‐004.pdf (best=0.00)
❌ No match: A&D_2019_F3‐03‐02.pdf (best=0.00)
❌ No match: A&D_2019_P1‐061.pdf (best=0.00)
❌ No match: A&D_2019_P1‐063.pdf (best=0.00)
❌ No match: A&D_2020_Effects of a combined transcranial magnetic stimulation (TMS) and cognitive training intervention in patients with Alzheimer's disease.pdf (best=0.00)
❌ No match: A&D_2021_The combination of acetylcholinesterase inhibitor therapy and high‐frequency repetitive transcranial magnetic stimulation in Alzheimer’s disease.pdf (best=0.00)
❌ No match: A&D_2022_Variability of response to exercise‐primed tDCS in those with mild cognitive impairment and Alzheimer’s disease (the EXPRESS study).pdf (best=0.00)
❌ No match: A&D_2023_Interventional clinical trial findings from targeted multiday repetitive transcranial magnetic stimulation to treat memory loss in amnestic mild cognitive impairment-1.pdf (best=0.00)
❌ No match: A&D_2023_Interventional clinical trial findings from targeted multiday repetitive transcranial magnetic stimulation to treat memory loss in amnestic mild cognitive impairment.pdf (best=0.00)
❌ No match: A&D_2023_Precuneus magnetic stimulation for Alzheimer’s disease.pdf (best=0.00)
❌ No match: A&D_2023_The role of transcranial direct current stimulation in improving learning and memory performances of patients with mild cognitive impairment and mild Alzheimer’s disease.pdf (best=0.00)
❌ No match: A&D_2024_Efficacy and sustainability of 40 Hz high‐definition transcranial alternating current stimulation (tACS) in the treatment of sleep disturbances in mild neurocognitive disorders due to Alzheimer’s disease.pdf (best=0.00)
❌ No match: A&D_2024_Modulating dynamic brain networks and episodic memory in amnestic mild cognitive impairment using 40 Hz precuneus transcranial alternating current stimulation.pdf (best=0.00)
❌ No match: AJGP_2020_EVALUATING THE COGNITIVE EFFECTS OF EXERCISE PRIMING AND TRANSCRANIAL DIRECT CURRENT STIMULATION IN MILD COGNITIVE IMPAIRMENT AND MILD ALZHEIMER'S DISEASE.pdf (best=0.00)
❌ No match: AJP_2017_Clinical utility and tolerability of transcranial direct current stimulation in mild cognitive impairment.pdf (best=0.00)
❌ No match: Antonenko et al. - 2025 - Feasibility and pilot efficacy of self-applied home-based cognitive training and brain stimulation-1.pdf (best=0.00)
❌ No match: Antonenko et al. - 2025 - Feasibility and pilot efficacy of self-applied home-based cognitive training and brain stimulation.pdf (best=0.00)
❌ No match: AN_2012_2012 Annual Meeting Works in Progress Poster Session Abstracts.pdf (best=0.00)
❌ No match: APRM_2021_Transcranial direct current stimulation as an adjunct to cognitive training for older adults with mild cognitive impairment.pdf (best=0.00)
❌ No match: Benussi et al. - 2021 - Exposure to gamma tACS in Alzheimer’s disease A randomized, double-blind, sham-controlled, crossove.pdf (best=0.00)
❌ No match: BS_2015_Electrical Brain Stimulation.pdf (best=0.00)
❌ No match: BS_2017_Combating cognitive aging and dementia with tDCS.pdf (best=0.00)
❌ No match: BS_2017_Network-targeted non-invasive brain stimulation with multifocal tdcs.pdf (best=0.00)
❌ No match: BS_2017_Repetitive TMS of the default mode network.pdf (best=0.00)
❌ No match: BS_2018_The effectiveness of transcranial magnetic stimulation and lumosity for cognitive impairment associated with MCI and mild dementia.pdf (best=0.00)
❌ No match: BS_2019_Evaluating the effects of transcranial direct current stimulation electrode placement on cognition in mild cognitive impairment and alzheimer's disease.pdf (best=0.00)
❌ No match: BS_2019_Is transcranial direct current stimulation (tDCS) an effective adjunct to cognitive training for older adults presenting with mild cognitive impairment (MCI).pdf (best=0.00)
❌ No match: BS_2019_tDCS combined with cognitive training for improving memory in people with amnestic mild cognitive impairment (aMCI).pdf (best=0.00)
❌ No match: BS_2019_Using repetitive Paired Associative Stimulation to enhance brain plasticity and working memory in Alzheimer’s disease.pdf (best=0.00)
❌ No match: BS_2021_Cortical plasticity is correlated with cognitive improvement in Alzheimer’s disease patients after rTMS treatment.pdf (best=0.00)
❌ No match: BS_2021_Exposure to gamma tACS in Alzheimer’s disease.pdf (best=0.00)
❌ No match: BS_2021_High-definition transcranial direct current stimulation enhances network segregation during spatial navigation in mild cognitive impairment.pdf (best=0.00)
❌ No match: BS_2022_Accelerated intermittent theta-burst stimulation broadly ameliorates symptoms and cognition in Alzheimer's disease.pdf (best=0.00)
❌ No match: BS_2022_Effect of cerebellum stimulation on cognitive recovery in patients with Alzheimer disease.pdf (best=0.00)
❌ No match: BS_2023_Bilateral TMS in MCI and healthy controls impacts cognition through induced connectivity.pdf (best=0.00)
❌ No match: BS_2023_Brain perfusion alterations induced by standalone and combined non-invasive brain stimulation over the dorsolateral prefrontal cortex.pdf (best=0.00)
❌ No match: BS_2023_Effectiveness of optimized transcranial direct current stimulation based on the electric field strength of computational model on cognitive function in patients with mild cognitive impairment.pdf (best=0.00)
❌ No match: BS_2023_Moderating effects of gender, age and cognitive reserve on combined cognitive training and transcranial electrical stimulation.pdf (best=0.00)
❌ No match: BS_2023_Repetitive transcranial magnetic stimulation of the precuneus as a new promising therapeutic intervention in Alzheimer’s disease.pdf (best=0.00)
❌ No match: BS_2023_Structural and functional connectivity changes in AD patients after 24 weeks of precuneus rTMS.pdf (best=0.00)
❌ No match: BS_2024_Can Brain Volume-Driven Characteristic Features Predict the Response of Alzheimer’s Patients to Repetitive Transcranial Magnetic Stimulation.pdf (best=0.00)
❌ No match: BS_2024_Combined Effect of tDCS and Motor or Cognitive Activity in Patients with Alzheimer’s Disease.pdf (best=0.00)
❌ No match: BS_2025_Accelerated iTBS-Induced changes in resting-state functional connectivity correspond with cognitive improvement in amnestic MCI.pdf (best=0.00)
❌ No match: BS_2025_Comparison of frequency-specific transcranial alternating current stimulation(tACS) on cognitive function improvement in patients with mild cognitive impairment.pdf (best=0.00)
❌ No match: BS_2025_Efficacy of a 24-week long-term transcranial pulse stimulation (TPS) on cognition and brain structure in older adults with mild cognitive impairment (MCI).pdf (best=0.00)
❌ No match: BS_2025_Feasibility and pilot efficacy of self-applied home-based cognitive training and brain stimulation.pdf (best=0.00)
❌ No match: BS_2025_Impact of optimized electrical field strength on white matter microstructure integrity in MCI patients according to effect modifiers as risk factors for AD.pdf (best=0.00)
❌ No match: BS_2025_Long-term effects of 4-week tACS paired with cognitive exercise treatment in dementia population in a randomized controlled study.pdf (best=0.00)
❌ No match: BS_2025_Neuronavigated Transcranial Pulse Stimulation.pdf (best=0.00)
❌ No match: BS_2025_Non-invasive Temporal Interference Deep Brain Stimulation Therapy for Alzheimer’s Disease.pdf (best=0.00)
❌ No match: CC_2024_Comparative efficacy of intermittent theta burst stimulation and high-frequency repetitive transcranial magnetic stimulation in amnestic mild cognitive impairment patients.pdf (best=0.00)
❌ No match: Cheng - 2025 - Efficacy of a 24-week long term transcranial pulse stimulation (TPS) on cognition and brain structur-1.pdf (best=0.00)
❌ No match: Cheng - 2025 - Efficacy of a 24-week long term transcranial pulse stimulation (TPS) on cognition and brain structur.pdf (best=0.00)
❌ No match: CIA_2023_Neuro-Navigated rTMS Improves Sleep and Cognitive Impairment via Regulating Sleep-Related Networks’ Spontaneous Activity in AD Spectrum Patients.pdf (best=0.00)
❌ No match: CN_2011_K4 Therapeutic non-invasive brain stimulation.pdf (best=0.00)
❌ No match: CN_2016_21. TMS versus other non invasive brain stimulation.pdf (best=0.00)
❌ No match: CN_2016_71. Repetitive Transcranial Magnetic Stimulation (rTMS) applied with H-coil in Alzheimer’s disease.pdf (best=0.00)
❌ No match: CN_2016_Grey matter atrophy in mild Alzheimer’s disease impacts on cognitive effects of noninvasive brain stimulation.pdf (best=0.00)
❌ No match: CN_2016_ID 295 – Deep repetitive transcranial magnetic stimulation with the H-coil in Alzheimer’s disease.pdf (best=0.00)
❌ No match: CN_2020_P115 TDCS as a learning enhancer.pdf (best=0.00)
❌ No match: CN_2021_O-TS005. Significant effects on functional integration within the parietal memory network after high-frequency RTMS over the L-DLPFC in patients with Alzheimer’s disease.pdf (best=0.00)
❌ No match: D_2023_Transcranial Magnetic Stimulation Improves Executive Functioning through Modulation of Social Cognitive Networks in Patients with Mild Cognitive Impairment.pdf (best=0.00)
❌ No match: EJN_2024_ePosters.pdf (best=0.00)
❌ No match: Gonzalez et al. - 2021 - Transcranial direct current stimulation as an adjunct to cognitive training for older adults with mi-1.pdf (best=0.00)
❌ No match: Gonzalez et al. - 2021 - Transcranial direct current stimulation as an adjunct to cognitive training for older adults with mi.pdf (best=0.00)
❌ No match: GP_2023_Impact of twice-a-day transcranial direct current stimulation intervention on cognitive function and motor cortex plasticity in patients with Alzheimer’s disease.pdf (best=0.00)
❌ No match: Hampstead et al. - 2017 - Combined mnemonic strategy training and high‐definition transcranial direct current stimulation for-1.pdf (best=0.00)
❌ No match: Hampstead et al. - 2017 - Combined mnemonic strategy training and high‐definition transcranial direct current stimulation for-2.pdf (best=0.00)
❌ No match: Hampstead et al. - 2017 - Combined mnemonic strategy training and high‐definition transcranial direct current stimulation for.pdf (best=0.00)
❌ No match: Hampstead et al. - 2018 - O3‐05‐04 TASK‐RELATED FMRI CHANGE AFTER HIGH‐DEFINITION TRANSCRANIAL DIRECT CURRENT STIMULATION IN.pdf (best=0.00)
❌ No match: Iordan et al. - 2021 - High-definition transcranial direct current stimulation enhances network segregation during spatial.pdf (best=0.00)
❌ No match: IP_2023_Effects of repetitive paired associative stimulation on brain plasticity and working memory in Alzheimer’s disease.pdf (best=0.00)
❌ No match: IR_2019_Resting state fMRI based target selection for individualized rTMS.pdf (best=0.00)
❌ No match: JAD_2019_Repetitive Transcranial Magnetic Stimulation Induced Hypoconnectivity Within the Default Mode Network Yields Cognitive Improvements in Amnestic Mild Cognitive Impairment.pdf (best=0.00)
❌ No match: JAD_2025_Effectiveness and safety of high-definition transcranial direct current stimulation in patients with mild cognitive impairment.pdf (best=0.00)
❌ No match: JCM_2024_Functional Connectome Controllability in Patients with Mild Cognitive Impairment after Repetitive Transcranial Magnetic Stimulation of the Dorsolateral Prefrontal Cortex.pdf (best=0.00)
❌ No match: JEN_2015_Short and Long-term Effects of rTMS Treatment on Alzheimer's Disease at Different Stages.pdf (best=0.00)
❌ No match: JE_2020_A Pilot Study Comparing Effects of Bifrontal Versus Bitemporal Transcranial Direct Current Stimulation in Mild Cognitive Impairment and Mild Alzheimer Disease.pdf (best=0.00)
❌ No match: JGSB_2020_Effects of Transcranial Direct Current Stimulation on Episodic Memory in Amnestic Mild Cognitive Impairment.pdf (best=0.00)
❌ No match: JNN&P_2008_Temporal cortex direct current stimulation enhances performance on a visual recognition memory task in Alzheimer disease.pdf (best=0.00)
❌ No match: JNO_2024_Effectiveness of Personalized Hippocampal Network–Targeted Stimulation in Alzheimer Disease.pdf (best=0.00)
❌ No match: JNO_2025_Home-Based Gamma Transcranial Alternating Current Stimulation in Patients With Alzheimer Disease.pdf (best=0.00)
❌ No match: JNS_2017_Alteration of brain metabolism in mild cognitive impairment after 3 weeks of transcranial direct current stimulation.pdf (best=0.00)
❌ No match: JNT_2011_Beneficial effect of repetitive transcranial magnetic stimulation combined with cognitive training for the treatment of Alzheimer’s disease.pdf (best=0.00)
❌ No match: JNT_2013_Repetitive transcranial magnetic stimulation combined with cognitive training is a safe and effective modality for the treatment of Alzheimer’s disease.pdf (best=0.00)
❌ No match: JNT_2016_Repetitive transcranial magnetic stimulation (rTMS) combined with cognitive training is a safe and effective modality for the treatment of Alzheimer’s disease.pdf (best=0.00)
❌ No match: JNT_2019_High-frequency repetitive transcranial magnetic stimulation combined with cognitive training improves cognitive function and cortical metabolic ratios in Alzheimer’s disease.pdf (best=0.00)
❌ No match: Joshi et al. - 2023 - The role of transcranial direct current stimulation in improving learning and memory performances of.pdf (best=0.00)
❌ No match: Jung et al. - 2024 - Effectiveness of Personalized Hippocampal Network–Targeted Stimulation in Alzheimer Disease A Rando-1.pdf (best=0.00)
❌ No match: Jung et al. - 2024 - Effectiveness of Personalized Hippocampal Network–Targeted Stimulation in Alzheimer Disease A Rando.pdf (best=0.00)
❌ No match: Kang and Lim - 2025 - Impact of optimized electrical field strength on white matter microstructure integrity in MCI patien.pdf (best=0.00)
❌ No match: Kim et al. - 2025 - Comparison of frequency-specific transcranial alternating current stimulation(tACS) on cognitive fun-1.pdf (best=0.00)
❌ No match: Kim et al. - 2025 - Comparison of frequency-specific transcranial alternating current stimulation(tACS) on cognitive fun.pdf (best=0.00)
❌ No match: Koch et al. - 2018 - Transcranial magnetic stimulation of the precuneus enhances memory and neural activity in prodromal-1.pdf (best=0.00)
❌ No match: Koch et al. - 2018 - Transcranial magnetic stimulation of the precuneus enhances memory and neural activity in prodromal-2.pdf (best=0.00)
❌ No match: Koch et al. - 2018 - Transcranial magnetic stimulation of the precuneus enhances memory and neural activity in prodromal.pdf (best=0.00)
❌ No match: Koo et al. - 2021 - The association between brain‐derived neurotrophic factor and improved cognition in mild cognitive i.pdf (best=0.00)
❌ No match: Li et al. - 2023 - Impact of twice-a-day transcranial direct current stimulation intervention on cognitive function and.pdf (best=0.00)
❌ No match: Lithgow et al. - 2025 - Surface Versus Penetrative rTMS Stimulation May Be More Effective for AD Patients with Cerebrovascul.pdf (best=0.00)
❌ No match: Liu et al. - 2019 - Evaluating the effects of transcranial direct current stimulation electrode placement on cognition i.pdf (best=0.00)
❌ No match: Liu et al. - 2020 - A Pilot Study Comparing Effects of Bifrontal Versus Bitemporal Transcranial Direct Current Stimulati-1.pdf (best=0.00)
❌ No match: Liu et al. - 2020 - A Pilot Study Comparing Effects of Bifrontal Versus Bitemporal Transcranial Direct Current Stimulati.pdf (best=0.00)
❌ No match: Lu et al. - 2024 - Efficacy and sustainability of 40 Hz high‐definition transcranial alternating current stimulation (t.pdf (best=0.00)
❌ No match: Manenti et al. - 2020 - Effects of Transcranial Direct Current Stimulation on Episodic Memory in Amnestic Mild Cognitive Imp-1.pdf (best=0.00)
❌ No match: Manenti et al. - 2020 - Effects of Transcranial Direct Current Stimulation on Episodic Memory in Amnestic Mild Cognitive Imp-2.pdf (best=0.00)
❌ No match: Manenti et al. - 2020 - Effects of Transcranial Direct Current Stimulation on Episodic Memory in Amnestic Mild Cognitive Imp.pdf (best=0.00)
❌ No match: McAllister et al. - 2023 - Bilateral TMS in MCI and healthy controls impacts cognition through induced connectivity.pdf (best=0.00)
❌ No match: M_2025_ADAS-Cog Trajectories Differ from Expected Decline in Dementia Following Repeated Non-Invasive Interventions over 3 Years.pdf (best=0.00)
❌ No match: NI_2025_Surface Versus Penetrative rTMS Stimulation May Be More Effective for AD Patients with Cerebrovascular Disease.pdf (best=0.00)
❌ No match: NTNI_2018_The 10th Annual Meeting of the Canadian Neuromodulation Society Whistler, BC, Canada Feb 2–4, 2018.pdf (best=0.00)
❌ No match: N_2018_Transcranial magnetic stimulation of the precuneus enhances memory and neural activity in prodromal Alzheimer's disease.pdf (best=0.00)
❌ No match: Pak Wing Cheng et al. - 2025 - Efficacy of a 24-week long-term transcranial pulse stimulation (TPS) on cognition and brain structur-1.pdf (best=0.00)
❌ No match: Pak Wing Cheng et al. - 2025 - Efficacy of a 24-week long-term transcranial pulse stimulation (TPS) on cognition and brain structur.pdf (best=0.00)
❌ No match: Razza et al. - 2023 - Brain perfusion alterations induced by standalone and combined non-invasive brain stimulation over t.pdf (best=0.00)
❌ No match: Song et al. - 2021 - Evaluating the relationship between vascular endothelial growth factor (VEGF) and cognitive improvem.pdf (best=0.00)
❌ No match: Sprick et al. - 2025 - Neuronavigated Transcranial Pulse Stimulation a novel Tool of noninvasive Brain Stimulation (NIBS).pdf (best=0.00)
❌ No match: Uehara et al. - 2025 - Long-term effects of 4-week tACS paired with cognitive exercise treatment in dementia population in.pdf (best=0.00)
❌ No match: Wang et al. - 2019 - Resting state fMRI based target selection for individualized rTMS Stimulation over the left parieta-1.pdf (best=0.00)
❌ No match: Wang et al. - 2019 - Resting state fMRI based target selection for individualized rTMS Stimulation over the left parieta-2.pdf (best=0.00)
❌ No match: Wang et al. - 2019 - Resting state fMRI based target selection for individualized rTMS Stimulation over the left parieta.pdf (best=0.00)
❌ No match: Warren et al. - 2023 - Interventional clinical trial findings from targeted multiday repetitive transcranial magnetic stimu.pdf (best=0.00)
❌ No match: Wu et al. - 2022 - Accelerated intermittent theta-burst stimulation broadly ameliorates symptoms and cognition in Alzhe.pdf (best=0.00)
❌ No match: Yao et al. - 2022 - Effect of cerebellum stimulation on cognitive recovery in patients with Alzheimer disease A randomi.pdf (best=0.00)
❌ No match: [JAMA Network Open 2024-may 6 vol. 7 iss. 5] Effectiveness of Personalized Hippocampal Network–Targeted Stimulation in Alzheimer Disease_ A ...{Jung, Young Hee (author)_Jang, Hyemin (author)_Park, Sungbeen (author).pdf (best=0.00)
❌ No match: CN_2016_71. Repetitive Transcranial Magnetic Stimulation (rTMS) applied with H-coil in Alzheimer’s disease.pdf (best=0.00)
❌ No match: JNN&P_2008_Temporal cortex direct current stimulation enhances performance on a visual recognition memory task in Alzheimer disease.pdf (best=0.00)
❌ No match: BS_2019_Using repetitive Paired Associative Stimulation to enhance brain plasticity and working memory in Alzheimer’s disease.pdf (best=0.00)
❌ No match: BS_2024_Can Brain Volume-Driven Characteristic Features Predict the Response of Alzheimer’s Patients to Repetitive Transcranial Magnetic Stimulation.pdf (best=0.00)
❌ No match: AJGP_2020_EVALUATING THE COGNITIVE EFFECTS OF EXERCISE PRIMING AND TRANSCRANIAL DIRECT CURRENT STIMULATION IN MILD COGNITIVE IMPAIRMENT AND MILD ALZHEIMER'S DISEASE.pdf (best=0.00)
❌ No match: BS_2025_Feasibility and pilot efficacy of self-applied home-based cognitive training and brain stimulation.pdf (best=0.00)
❌ No match: JCM_2024_Functional Connectome Controllability in Patients with Mild Cognitive Impairment after Repetitive Transcranial Magnetic Stimulation of the Dorsolateral Prefrontal Cortex.pdf (best=0.00)
❌ No match: BS_2025_Neuronavigated Transcranial Pulse Stimulation.pdf (best=0.00)
❌ No match: CN_2021_O-TS005. Significant effects on functional integration within the parietal memory network after high-frequency RTMS over the L-DLPFC in patients with Alzheimer’s disease.pdf (best=0.00)
❌ No match: APRM_2021_Transcranial direct current stimulation as an adjunct to cognitive training for older adults with mild cognitive impairment.pdf (best=0.00)
❌ No match: CN_2016_21. TMS versus other non invasive brain stimulation.pdf (best=0.00)
❌ No match: IR_2019_Resting state fMRI based target selection for individualized rTMS.pdf (best=0.00)
❌ No match: NTNI_2018_The 10th Annual Meeting of the Canadian Neuromodulation Society Whistler, BC, Canada Feb 2–4, 2018.pdf (best=0.00)
❌ No match: NI_2025_Surface Versus Penetrative rTMS Stimulation May Be More Effective for AD Patients with Cerebrovascular Disease.pdf (best=0.00)
❌ No match: JNO_2024_Effectiveness of Personalized Hippocampal Network–Targeted Stimulation in Alzheimer Disease.pdf (best=0.00)
❌ No match: JNT_2019_High-frequency repetitive transcranial magnetic stimulation combined with cognitive training improves cognitive function and cortical metabolic ratios in Alzheimer’s disease.pdf (best=0.00)
❌ No match: JAD_2019_Repetitive Transcranial Magnetic Stimulation Induced Hypoconnectivity Within the Default Mode Network Yields Cognitive Improvements in Amnestic Mild Cognitive Impairment.pdf (best=0.00)
❌ No match: A&D_2023_Precuneus magnetic stimulation for Alzheimer’s disease.pdf (best=0.00)
❌ No match: JEN_2015_Short and Long-term Effects of rTMS Treatment on Alzheimer's Disease at Different Stages.pdf (best=0.00)
❌ No match: BS_2019_tDCS combined with cognitive training for improving memory in people with amnestic mild cognitive impairment (aMCI).pdf (best=0.00)
❌ No match: BS_2018_The effectiveness of transcranial magnetic stimulation and lumosity for cognitive impairment associated with MCI and mild dementia.pdf (best=0.00)
❌ No match: BS_2021_Cortical plasticity is correlated with cognitive improvement in Alzheimer’s disease patients after rTMS treatment.pdf (best=0.00)
❌ No match: BS_2017_Network-targeted non-invasive brain stimulation with multifocal tdcs.pdf (best=0.00)
❌ No match: BS_2017_Combating cognitive aging and dementia with tDCS.pdf (best=0.00)
❌ No match: BS_2017_Repetitive TMS of the default mode network.pdf (best=0.00)
❌ No match: JNS_2017_Alteration of brain metabolism in mild cognitive impairment after 3 weeks of transcranial direct current stimulation.pdf (best=0.00)
❌ No match: BS_2021_Exposure to gamma tACS in Alzheimer’s disease.pdf (best=0.00)
❌ No match: IP_2023_Effects of repetitive paired associative stimulation on brain plasticity and working memory in Alzheimer’s disease.pdf (best=0.00)
❌ No match: A&D_2020_Effects of a combined transcranial magnetic stimulation (TMS) and cognitive training intervention in patients with Alzheimer's disease.pdf (best=0.00)
❌ No match: A&DTR&CI_2017_Combined mnemonic strategy training and high‐definition transcranial direct current stimulation for memory deficits in mild cognitive impairment.pdf (best=0.00)
❌ No match: BS_2019_Evaluating the effects of transcranial direct current stimulation electrode placement on cognition in mild cognitive impairment and alzheimer's disease.pdf (best=0.00)
❌ No match: JNT_2016_Repetitive transcranial magnetic stimulation (rTMS) combined with cognitive training is a safe and effective modality for the treatment of Alzheimer’s disease.pdf (best=0.00)
❌ No match: AJP_2017_Clinical utility and tolerability of transcranial direct current stimulation in mild cognitive impairment.pdf (best=0.00)
❌ No match: A&D_2018_O3‐05‐04.pdf (best=0.00)
❌ No match: JNT_2013_Repetitive transcranial magnetic stimulation combined with cognitive training is a safe and effective modality for the treatment of Alzheimer’s disease.pdf (best=0.00)
❌ No match: GP_2023_Impact of twice-a-day transcranial direct current stimulation intervention on cognitive function and motor cortex plasticity in patients with Alzheimer’s disease.pdf (best=0.00)
❌ No match: JE_2020_A Pilot Study Comparing Effects of Bifrontal Versus Bitemporal Transcranial Direct Current Stimulation in Mild Cognitive Impairment and Mild Alzheimer Disease.pdf (best=0.00)
❌ No match: BS_2023_Brain perfusion alterations induced by standalone and combined non-invasive brain stimulation over the dorsolateral prefrontal cortex.pdf (best=0.00)
❌ No match: A&D_2015_Transcranial direct current stimulation in mild cognitive impairment.pdf (best=0.00)
❌ No match: A&D_2018_O3‐05‐01.pdf (best=0.00)
❌ No match: CN_2016_ID 295 – Deep repetitive transcranial magnetic stimulation with the H-coil in Alzheimer’s disease.pdf (best=0.00)
❌ No match: D_2023_Transcranial Magnetic Stimulation Improves Executive Functioning through Modulation of Social Cognitive Networks in Patients with Mild Cognitive Impairment.pdf (best=0.00)
❌ No match: BS_2024_Combined Effect of tDCS and Motor or Cognitive Activity in Patients with Alzheimer’s Disease.pdf (best=0.00)
❌ No match: CN_2011_K4 Therapeutic non-invasive brain stimulation.pdf (best=0.00)
❌ No match: A&D_2019_P1‐063.pdf (best=0.00)
❌ No match: N_2018_Transcranial magnetic stimulation of the precuneus enhances memory and neural activity in prodromal Alzheimer's disease.pdf (best=0.00)
❌ No match: JGSB_2020_Effects of Transcranial Direct Current Stimulation on Episodic Memory in Amnestic Mild Cognitive Impairment.pdf (best=0.00)
❌ No match: A&D_2023_Interventional clinical trial findings from targeted multiday repetitive transcranial magnetic stimulation to treat memory loss in amnestic mild cognitive impairment.pdf (best=0.00)
❌ No match: CIA_2023_Neuro-Navigated rTMS Improves Sleep and Cognitive Impairment via Regulating Sleep-Related Networks’ Spontaneous Activity in AD Spectrum Patients.pdf (best=0.00)
❌ No match: JNT_2011_Beneficial effect of repetitive transcranial magnetic stimulation combined with cognitive training for the treatment of Alzheimer’s disease.pdf (best=0.00)
❌ No match: AN_2012_2012 Annual Meeting Works in Progress Poster Session Abstracts.pdf (best=0.00)
❌ No match: A&D_2019_F3‐03‐02.pdf (best=0.00)
❌ No match: A&D_2023_Interventional clinical trial findings from targeted multiday repetitive transcranial magnetic stimulation to treat memory loss in amnestic mild cognitive impairment.pdf (best=0.00)
❌ No match: CN_2020_P115 TDCS as a learning enhancer.pdf (best=0.00)
❌ No match: A&D_2019_P1‐061.pdf (best=0.00)
❌ No match: CN_2016_Grey matter atrophy in mild Alzheimer’s disease impacts on cognitive effects of noninvasive brain stimulation.pdf (best=0.00)
❌ No match: A&D_2018_P2‐004.pdf (best=0.00)
❌ No match: EJN_2024_ePosters.pdf (best=0.00)
❌ No match: BS_2025_Long-term effects of 4-week tACS paired with cognitive exercise treatment in dementia population in a randomized controlled study.pdf (best=0.00)
❌ No match: Song et al. - 2021 - Evaluating the relationship between vascular endothelial growth factor (VEGF) and cognitive improvem.pdf (best=0.00)
❌ No match: BS_2025_Accelerated iTBS-Induced changes in resting-state functional connectivity correspond with cognitive improvement in amnestic MCI.pdf (best=0.00)
❌ No match: JNO_2025_Home-Based Gamma Transcranial Alternating Current Stimulation in Patients With Alzheimer Disease.pdf (best=0.00)
❌ No match: JAD_2025_Effectiveness and safety of high-definition transcranial direct current stimulation in patients with mild cognitive impairment.pdf (best=0.00)
❌ No match: A&D_2021_The combination of acetylcholinesterase inhibitor therapy and high‐frequency repetitive transcranial magnetic stimulation in Alzheimer’s disease.pdf (best=0.00)
❌ No match: BS_2022_Accelerated intermittent theta-burst stimulation broadly ameliorates symptoms and cognition in Alzheimer's disease.pdf (best=0.00)
❌ No match: CN_2016_71. Repetitive Transcranial Magnetic Stimulation (rTMS) applied with H-coil in Alzheimer’s disease.pdf (best=0.00)
❌ No match: BS_2025_Non-invasive Temporal Interference Deep Brain Stimulation Therapy for Alzheimer’s Disease.pdf (best=0.00)
❌ No match: Antonenko et al. - 2025 - Feasibility and pilot efficacy of self-applied home-based cognitive training and brain stimulation.pdf (best=0.00)
❌ No match: BS_2021_High-definition transcranial direct current stimulation enhances network segregation during spatial navigation in mild cognitive impairment.pdf (best=0.00)
❌ No match: A&D_2023_The role of transcranial direct current stimulation in improving learning and memory performances of patients with mild cognitive impairment and mild Alzheimer’s disease.pdf (best=0.00)
❌ No match: BS_2025_Efficacy of a 24-week long-term transcranial pulse stimulation (TPS) on cognition and brain structure in older adults with mild cognitive impairment (MCI).pdf (best=0.00)
❌ No match: BS_2025_Impact of optimized electrical field strength on white matter microstructure integrity in MCI patients according to effect modifiers as risk factors for AD.pdf (best=0.00)
❌ No match: BS_2025_Comparison of frequency-specific transcranial alternating current stimulation(tACS) on cognitive function improvement in patients with mild cognitive impairment.pdf (best=0.00)
❌ No match: BS_2023_Effectiveness of optimized transcranial direct current stimulation based on the electric field strength of computational model on cognitive function in patients with mild cognitive impairment.pdf (best=0.00)
❌ No match: BS_2023_Repetitive transcranial magnetic stimulation of the precuneus as a new promising therapeutic intervention in Alzheimer’s disease.pdf (best=0.00)
❌ No match: Koo et al. - 2021 - The association between brain‐derived neurotrophic factor and improved cognition in mild cognitive i.pdf (best=0.00)
❌ No match: A&D_2022_Variability of response to exercise‐primed tDCS in those with mild cognitive impairment and Alzheimer’s disease (the EXPRESS study).pdf (best=0.00)
❌ No match: A&D_2024_Modulating dynamic brain networks and episodic memory in amnestic mild cognitive impairment using 40 Hz precuneus transcranial alternating current stimulation.pdf (best=0.00)
❌ No match: BS_2023_Moderating effects of gender, age and cognitive reserve on combined cognitive training and transcranial electrical stimulation.pdf (best=0.00)
❌ No match: Gonzalez et al. - 2021 - Transcranial direct current stimulation as an adjunct to cognitive training for older adults with mi.pdf (best=0.00)
❌ No match: BS_2023_Bilateral TMS in MCI and healthy controls impacts cognition through induced connectivity.pdf (best=0.00)
❌ No match: BS_2023_Structural and functional connectivity changes in AD patients after 24 weeks of precuneus rTMS.pdf (best=0.00)
❌ No match: Pak Wing Cheng et al. - 2025 - Efficacy of a 24-week long-term transcranial pulse stimulation (TPS) on cognition and brain structur.pdf (best=0.00)
❌ No match: Wang et al. - 2019 - Resting state fMRI based target selection for individualized rTMS Stimulation over the left parieta.pdf (best=0.00)
❌ No match: BS_2015_Electrical Brain Stimulation.pdf (best=0.00)
❌ No match: Jung et al. - 2024 - Effectiveness of Personalized Hippocampal Network–Targeted Stimulation in Alzheimer Disease A Rando.pdf (best=0.00)
❌ No match: M_2025_ADAS-Cog Trajectories Differ from Expected Decline in Dementia Following Repeated Non-Invasive Interventions over 3 Years.pdf (best=0.00)
❌ No match: BS_2022_Effect of cerebellum stimulation on cognitive recovery in patients with Alzheimer disease.pdf (best=0.00)
❌ No match: Wu et al. - 2022 - Accelerated intermittent theta-burst stimulation broadly ameliorates symptoms and cognition in Alzhe.pdf (best=0.00)
❌ No match: Hampstead et al. - 2017 - Combined mnemonic strategy training and high‐definition transcranial direct current stimulation for.pdf (best=0.00)
❌ No match: Yao et al. - 2022 - Effect of cerebellum stimulation on cognitive recovery in patients with Alzheimer disease A randomi.pdf (best=0.00)
❌ No match: Liu et al. - 2019 - Evaluating the effects of transcranial direct current stimulation electrode placement on cognition i.pdf (best=0.00)
❌ No match: BS_2019_Is transcranial direct current stimulation (tDCS) an effective adjunct to cognitive training for older adults presenting with mild cognitive impairment (MCI).pdf (best=0.00)
❌ No match: Liu et al. - 2020 - A Pilot Study Comparing Effects of Bifrontal Versus Bitemporal Transcranial Direct Current Stimulati.pdf (best=0.00)
❌ No match: Razza et al. - 2023 - Brain perfusion alterations induced by standalone and combined non-invasive brain stimulation over t.pdf (best=0.00)
❌ No match: CC_2024_Comparative efficacy of intermittent theta burst stimulation and high-frequency repetitive transcranial magnetic stimulation in amnestic mild cognitive impairment patients.pdf (best=0.00)
❌ No match: Cheng - 2025 - Efficacy of a 24-week long term transcranial pulse stimulation (TPS) on cognition and brain structur.pdf (best=0.00)
❌ No match: Koch et al. - 2018 - Transcranial magnetic stimulation of the precuneus enhances memory and neural activity in prodromal.pdf (best=0.00)
❌ No match: Manenti et al. - 2020 - Effects of Transcranial Direct Current Stimulation on Episodic Memory in Amnestic Mild Cognitive Imp.pdf (best=0.00)
❌ No match: Kim et al. - 2025 - Comparison of frequency-specific transcranial alternating current stimulation(tACS) on cognitive fun.pdf (best=0.00)
❌ No match: Manenti et al. - 2020 - Effects of Transcranial Direct Current Stimulation on Episodic Memory in Amnestic Mild Cognitive Imp.pdf (best=0.00)
❌ No match: Koch et al. - 2018 - Transcranial magnetic stimulation of the precuneus enhances memory and neural activity in prodromal.pdf (best=0.00)
❌ No match: Hampstead et al. - 2018 - O3‐05‐04 TASK‐RELATED FMRI CHANGE AFTER HIGH‐DEFINITION TRANSCRANIAL DIRECT CURRENT STIMULATION IN.pdf (best=0.00)
❌ No match: Wang et al. - 2019 - Resting state fMRI based target selection for individualized rTMS Stimulation over the left parieta.pdf (best=0.00)
❌ No match: Li et al. - 2023 - Impact of twice-a-day transcranial direct current stimulation intervention on cognitive function and.pdf (best=0.00)
❌ No match: Hampstead et al. - 2017 - Combined mnemonic strategy training and high‐definition transcranial direct current stimulation for.pdf (best=0.00)
❌ No match: Lu et al. - 2024 - Efficacy and sustainability of 40 Hz high‐definition transcranial alternating current stimulation (t.pdf (best=0.00)
❌ No match: Lu et al. - 2019 - P1‐063 A COMBINATION OF NON‐PHARMACOLOGICAL INTERVENTIONS FOR ENHANCING COGNITIVE FUNCTIONS IN PROD.pdf (best=0.00)
❌ No match: Liu et al. - 2022 - Modulating Gamma Oscillations Promotes Brain Connectivity to Improve Cognitive Impairment.pdf (best=0.00)
❌ No match: Moussavi - 2022 - Repetitive TMS applied to the precuneus stabilizes cognitive status in Alzheimer’s disease.pdf (best=0.00)
❌ No match: Saha et al. - 2024 - Does Repetitive Transcranial Magnetic Stimulation of Alzheimer’s Patients Improve Cognition or Depre.pdf (best=0.00)
❌ No match: Genadry et al. - 2023 - PAS‐MCI Design and rationale for a randomized controlled trial to enhance prefrontal cortical plast.pdf (best=0.00)
❌ No match: Lu - 2025 - Predictive values of brain age models to rTMS effects in neurocognitive disorder with depression.pdf (best=0.00)
❌ No match: Kim and Moon - 2023 - The effect of the Home‐based tDCS on behavioral and electrophysiological parameters in patients with.pdf (best=0.00)
❌ No match: Daumas et al. - 2023 - Computerized serious game‐based cognitive training combined with tDCS for apathy treatment in Mild N.pdf (best=0.00)
❌ No match: Lu et al. - 2023 - Predictive value of MRI-informed brain age matrices to rTMS effects in neurocognitive disorder with.pdf (best=0.00)
❌ No match: jgs.16431.pdf.pdf (best=0.00)
❌ No match: ner.12958.pdf.pdf (best=0.00)
❌ No match: ana.23770.pdf.pdf (best=0.00)
❌ No match: j.jalz.2018.06.688.pdf.pdf (best=0.00)
❌ No match: Wang et al. - 2024 - Different stimulation targets of rTMS modulate specific triple-network and hippocampal-cortex functi.pdf (best=0.00)
❌ No match: j.jalz.2018.06.2794.pdf.pdf (best=0.00)
❌ No match: j.jalz.2019.06.088.pdf.pdf (best=0.00)
❌ No match: j.clinph.2019.12.226.pdf.pdf (best=0.00)
❌ No match: Nieto‐Vieites et al. - 2021 - Effects of cognitive training on memory in SCD and MCI participants Preliminary results of a single.pdf (best=0.00)
❌ No match: Ma et al. - 2023 - Efficacy of projective connection-based neuromodulation on long-term delayed recall in clinically di.pdf (best=0.00)
❌ No match: Costa et al. - 2021 - Effects of intermittent theta burst stimulation (iTBS) on executive function and neuropsychiatric sy.pdf (best=0.00)
❌ No match: Chen et al. - 2024 - Distinguishable neural circuit mechanisms associated with the clinical efficacy of rTMS in aMCI pati.pdf (best=0.00)

🎉 Done: 0 new PDFs matched/copied  | 30 bad/proceedings skipped

🔍 PDF Coverage Diagnostic
============================================================
  Total: 171 | Have PDF: 171 | Missing: 0

✅ All studies have PDFs!
